Determining if the pthread_create exist failed with the following output:
Change Dir: /home/lht/robots/build/CMakeFiles/CMakeTmp

Run Build Command:"/usr/bin/make" "cmTC_b1439/fast"
/usr/bin/make -f CMakeFiles/cmTC_b1439.dir/build.make CMakeFiles/cmTC_b1439.dir/build
make[1]: Entering directory '/home/lht/robots/build/CMakeFiles/CMakeTmp'
Building C object CMakeFiles/cmTC_b1439.dir/CheckSymbolExists.c.o
/usr/bin/cc     -o CMakeFiles/cmTC_b1439.dir/CheckSymbolExists.c.o   -c /home/lht/robots/build/CMakeFiles/CMakeTmp/CheckSymbolExists.c
Linking C executable cmTC_b1439
/usr/bin/cmake -E cmake_link_script CMakeFiles/cmTC_b1439.dir/link.txt --verbose=1
/usr/bin/cc       CMakeFiles/cmTC_b1439.dir/CheckSymbolExists.c.o  -o cmTC_b1439 -rdynamic 
CMakeFiles/cmTC_b1439.dir/CheckSymbolExists.c.o：在函数‘main’中：
CheckSymbolExists.c:(.text+0x16)：对‘pthread_create’未定义的引用
collect2: error: ld returned 1 exit status
CMakeFiles/cmTC_b1439.dir/build.make:97: recipe for target 'cmTC_b1439' failed
make[1]: *** [cmTC_b1439] Error 1
make[1]: Leaving directory '/home/lht/robots/build/CMakeFiles/CMakeTmp'
Makefile:126: recipe for target 'cmTC_b1439/fast' failed
make: *** [cmTC_b1439/fast] Error 2

File /home/lht/robots/build/CMakeFiles/CMakeTmp/CheckSymbolExists.c:
/* */
#include <pthread.h>

int main(int argc, char** argv)
{
  (void)argv;
#ifndef pthread_create
  return ((int*)(&pthread_create))[argc];
#else
  (void)argc;
  return 0;
#endif
}

Determining if the function pthread_create exists in the pthreads failed with the following output:
Change Dir: /home/lht/robots/build/CMakeFiles/CMakeTmp

Run Build Command:"/usr/bin/make" "cmTC_81cf9/fast"
/usr/bin/make -f CMakeFiles/cmTC_81cf9.dir/build.make CMakeFiles/cmTC_81cf9.dir/build
make[1]: Entering directory '/home/lht/robots/build/CMakeFiles/CMakeTmp'
Building C object CMakeFiles/cmTC_81cf9.dir/CheckFunctionExists.c.o
/usr/bin/cc    -DCHECK_FUNCTION_EXISTS=pthread_create   -o CMakeFiles/cmTC_81cf9.dir/CheckFunctionExists.c.o   -c /usr/share/cmake-3.5/Modules/CheckFunctionExists.c
Linking C executable cmTC_81cf9
/usr/bin/cmake -E cmake_link_script CMakeFiles/cmTC_81cf9.dir/link.txt --verbose=1
/usr/bin/cc   -DCHECK_FUNCTION_EXISTS=pthread_create    CMakeFiles/cmTC_81cf9.dir/CheckFunctionExists.c.o  -o cmTC_81cf9 -rdynamic -lpthreads 
/usr/bin/ld: 找不到 -lpthreads
collect2: error: ld returned 1 exit status
CMakeFiles/cmTC_81cf9.dir/build.make:97: recipe for target 'cmTC_81cf9' failed
make[1]: *** [cmTC_81cf9] Error 1
make[1]: Leaving directory '/home/lht/robots/build/CMakeFiles/CMakeTmp'
Makefile:126: recipe for target 'cmTC_81cf9/fast' failed
make: *** [cmTC_81cf9/fast] Error 2


Determining if the CL_VERSION_2_0 exist failed with the following output:
Change Dir: /home/lht/robots/build/CMakeFiles/CMakeTmp

Run Build Command:"/usr/bin/make" "cmTC_f4129/fast"
/usr/bin/make -f CMakeFiles/cmTC_f4129.dir/build.make CMakeFiles/cmTC_f4129.dir/build
make[1]: Entering directory '/home/lht/robots/build/CMakeFiles/CMakeTmp'
Building C object CMakeFiles/cmTC_f4129.dir/CheckSymbolExists.c.o
/usr/bin/cc     -o CMakeFiles/cmTC_f4129.dir/CheckSymbolExists.c.o   -c /home/lht/robots/build/CMakeFiles/CMakeTmp/CheckSymbolExists.c
/home/lht/robots/build/CMakeFiles/CMakeTmp/CheckSymbolExists.c:2:47: fatal error: OpenCL_INCLUDE_DIR-NOTFOUND/CL/cl.h: 没有那个文件或目录
compilation terminated.
CMakeFiles/cmTC_f4129.dir/build.make:65: recipe for target 'CMakeFiles/cmTC_f4129.dir/CheckSymbolExists.c.o' failed
make[1]: *** [CMakeFiles/cmTC_f4129.dir/CheckSymbolExists.c.o] Error 1
make[1]: Leaving directory '/home/lht/robots/build/CMakeFiles/CMakeTmp'
Makefile:126: recipe for target 'cmTC_f4129/fast' failed
make: *** [cmTC_f4129/fast] Error 2

File /home/lht/robots/build/CMakeFiles/CMakeTmp/CheckSymbolExists.c:
/* */
#include <OpenCL_INCLUDE_DIR-NOTFOUND/CL/cl.h>

int main(int argc, char** argv)
{
  (void)argv;
#ifndef CL_VERSION_2_0
  return ((int*)(&CL_VERSION_2_0))[argc];
#else
  (void)argc;
  return 0;
#endif
}

Determining if the CL_VERSION_1_2 exist failed with the following output:
Change Dir: /home/lht/robots/build/CMakeFiles/CMakeTmp

Run Build Command:"/usr/bin/make" "cmTC_3234b/fast"
/usr/bin/make -f CMakeFiles/cmTC_3234b.dir/build.make CMakeFiles/cmTC_3234b.dir/build
make[1]: Entering directory '/home/lht/robots/build/CMakeFiles/CMakeTmp'
Building C object CMakeFiles/cmTC_3234b.dir/CheckSymbolExists.c.o
/usr/bin/cc     -o CMakeFiles/cmTC_3234b.dir/CheckSymbolExists.c.o   -c /home/lht/robots/build/CMakeFiles/CMakeTmp/CheckSymbolExists.c
/home/lht/robots/build/CMakeFiles/CMakeTmp/CheckSymbolExists.c:2:47: fatal error: OpenCL_INCLUDE_DIR-NOTFOUND/CL/cl.h: 没有那个文件或目录
compilation terminated.
CMakeFiles/cmTC_3234b.dir/build.make:65: recipe for target 'CMakeFiles/cmTC_3234b.dir/CheckSymbolExists.c.o' failed
make[1]: *** [CMakeFiles/cmTC_3234b.dir/CheckSymbolExists.c.o] Error 1
make[1]: Leaving directory '/home/lht/robots/build/CMakeFiles/CMakeTmp'
Makefile:126: recipe for target 'cmTC_3234b/fast' failed
make: *** [cmTC_3234b/fast] Error 2

File /home/lht/robots/build/CMakeFiles/CMakeTmp/CheckSymbolExists.c:
/* */
#include <OpenCL_INCLUDE_DIR-NOTFOUND/CL/cl.h>

int main(int argc, char** argv)
{
  (void)argv;
#ifndef CL_VERSION_1_2
  return ((int*)(&CL_VERSION_1_2))[argc];
#else
  (void)argc;
  return 0;
#endif
}

Determining if the CL_VERSION_1_1 exist failed with the following output:
Change Dir: /home/lht/robots/build/CMakeFiles/CMakeTmp

Run Build Command:"/usr/bin/make" "cmTC_96c2c/fast"
/usr/bin/make -f CMakeFiles/cmTC_96c2c.dir/build.make CMakeFiles/cmTC_96c2c.dir/build
make[1]: Entering directory '/home/lht/robots/build/CMakeFiles/CMakeTmp'
Building C object CMakeFiles/cmTC_96c2c.dir/CheckSymbolExists.c.o
/usr/bin/cc     -o CMakeFiles/cmTC_96c2c.dir/CheckSymbolExists.c.o   -c /home/lht/robots/build/CMakeFiles/CMakeTmp/CheckSymbolExists.c
/home/lht/robots/build/CMakeFiles/CMakeTmp/CheckSymbolExists.c:2:47: fatal error: OpenCL_INCLUDE_DIR-NOTFOUND/CL/cl.h: 没有那个文件或目录
compilation terminated.
CMakeFiles/cmTC_96c2c.dir/build.make:65: recipe for target 'CMakeFiles/cmTC_96c2c.dir/CheckSymbolExists.c.o' failed
make[1]: *** [CMakeFiles/cmTC_96c2c.dir/CheckSymbolExists.c.o] Error 1
make[1]: Leaving directory '/home/lht/robots/build/CMakeFiles/CMakeTmp'
Makefile:126: recipe for target 'cmTC_96c2c/fast' failed
make: *** [cmTC_96c2c/fast] Error 2

File /home/lht/robots/build/CMakeFiles/CMakeTmp/CheckSymbolExists.c:
/* */
#include <OpenCL_INCLUDE_DIR-NOTFOUND/CL/cl.h>

int main(int argc, char** argv)
{
  (void)argv;
#ifndef CL_VERSION_1_1
  return ((int*)(&CL_VERSION_1_1))[argc];
#else
  (void)argc;
  return 0;
#endif
}

Determining if the CL_VERSION_1_0 exist failed with the following output:
Change Dir: /home/lht/robots/build/CMakeFiles/CMakeTmp

Run Build Command:"/usr/bin/make" "cmTC_d35d9/fast"
/usr/bin/make -f CMakeFiles/cmTC_d35d9.dir/build.make CMakeFiles/cmTC_d35d9.dir/build
make[1]: Entering directory '/home/lht/robots/build/CMakeFiles/CMakeTmp'
Building C object CMakeFiles/cmTC_d35d9.dir/CheckSymbolExists.c.o
/usr/bin/cc     -o CMakeFiles/cmTC_d35d9.dir/CheckSymbolExists.c.o   -c /home/lht/robots/build/CMakeFiles/CMakeTmp/CheckSymbolExists.c
/home/lht/robots/build/CMakeFiles/CMakeTmp/CheckSymbolExists.c:2:47: fatal error: OpenCL_INCLUDE_DIR-NOTFOUND/CL/cl.h: 没有那个文件或目录
compilation terminated.
CMakeFiles/cmTC_d35d9.dir/build.make:65: recipe for target 'CMakeFiles/cmTC_d35d9.dir/CheckSymbolExists.c.o' failed
make[1]: *** [CMakeFiles/cmTC_d35d9.dir/CheckSymbolExists.c.o] Error 1
make[1]: Leaving directory '/home/lht/robots/build/CMakeFiles/CMakeTmp'
Makefile:126: recipe for target 'cmTC_d35d9/fast' failed
make: *** [cmTC_d35d9/fast] Error 2

File /home/lht/robots/build/CMakeFiles/CMakeTmp/CheckSymbolExists.c:
/* */
#include <OpenCL_INCLUDE_DIR-NOTFOUND/CL/cl.h>

int main(int argc, char** argv)
{
  (void)argv;
#ifndef CL_VERSION_1_0
  return ((int*)(&CL_VERSION_1_0))[argc];
#else
  (void)argc;
  return 0;
#endif
}

Performing C++ SOURCE FILE Test OpenCL_CXX_WORKS failed with the following output:
Change Dir: /home/lht/robots/build/CMakeFiles/CMakeTmp

Run Build Command:"/usr/bin/make" "cmTC_c6ad6/fast"
/usr/bin/make -f CMakeFiles/cmTC_c6ad6.dir/build.make CMakeFiles/cmTC_c6ad6.dir/build
make[1]: Entering directory '/home/lht/robots/build/CMakeFiles/CMakeTmp'
Building CXX object CMakeFiles/cmTC_c6ad6.dir/src.cxx.o
/usr/bin/c++    -I/include/internal  -DBT_USE_DOUBLE_PRECISION -Wall -Wuninitialized -Winit-self -Wunused-function -Wunused-label -Wunused-variable -Wunused-but-set-variable -Wunused-but-set-parameter -Warray-bounds -Wtype-limits -Wreturn-type -Wsequence-point -Wparentheses -Wmissing-braces -Wchar-subscripts -Wswitch -Wwrite-strings -Wenum-compare -Wempty-body -std=c++11 -fopenmp -DOpenCL_CXX_WORKS   -o CMakeFiles/cmTC_c6ad6.dir/src.cxx.o -c /home/lht/robots/build/CMakeFiles/CMakeTmp/src.cxx
/home/lht/robots/build/CMakeFiles/CMakeTmp/src.cxx:2:21: fatal error: CL/cl.hpp: 没有那个文件或目录
compilation terminated.
CMakeFiles/cmTC_c6ad6.dir/build.make:65: recipe for target 'CMakeFiles/cmTC_c6ad6.dir/src.cxx.o' failed
make[1]: *** [CMakeFiles/cmTC_c6ad6.dir/src.cxx.o] Error 1
make[1]: Leaving directory '/home/lht/robots/build/CMakeFiles/CMakeTmp'
Makefile:126: recipe for target 'cmTC_c6ad6/fast' failed
make: *** [cmTC_c6ad6/fast] Error 2

Source file was:

#include <CL/cl.hpp>
int main() {
  cl::Context context;
  cl::Platform platform;
  cl::Device device;
  return 0;
}
